22:14:08 **** Incremental Build of configuration Debug for project fileSystem ****
make all 
Building file: ../file_system.c
Invoking: GCC C Compiler
gcc -O0 -g3 -Wall -c -fmessage-length=0 -MMD -MP -MF"file_system.d" -MT"file_system.d" -o "file_system.o" "../file_system.c"
../file_system.c: In function ‘main’:
../file_system.c:121:46: warning: pointer targets in passing argument 3 of ‘accept’ differ in signedness [-Wpointer-sign]
   sockAlKernel = accept(sockDeEspera,(struct sockaddr *) &datosDelKernel,&longitudEstructuraSocket);
                                              ^
In file included from ../file_system.c:13:0:
/usr/include/i386-linux-gnu/sys/socket.h:243:12: note: expected ‘socklen_t * __restrict__’ but argument is of type ‘int *’
 extern int accept (int __fd, __SOCKADDR_ARG __addr,
            ^
../file_system.c:76:8: warning: unused variable ‘PUNTO_MONTAJE’ [-Wunused-variable]
  char* PUNTO_MONTAJE = busquedaClaveAlfanumerica(configuracion,"PUNTO_MONTAJE");
        ^
Finished building: ../file_system.c
 
Building target: fileSystem
Invoking: GCC C Linker
gcc  -o "fileSystem"  ./file_system.o   -lcommons
Finished building target: fileSystem
 

22:14:10 Build Finished (took 1s.767ms)

